#      T              EF              EF(intrinsic)   Ec            Ev
      300.00000       -0.14017       -0.39212        0.00000       -0.80000
      320.00000       -0.15219       -0.39160        0.00000       -0.80000
      340.00000       -0.16437       -0.39107        0.00000       -0.80000
      360.00000       -0.17671       -0.39055        0.00000       -0.80000
      380.00000       -0.18918       -0.39002        0.00000       -0.80000
      400.00000       -0.20180       -0.38950        0.00000       -0.80000
      420.00000       -0.21454       -0.38897        0.00000       -0.80000
      440.00000       -0.22740       -0.38845        0.00000       -0.80000
      460.00000       -0.24037       -0.38792        0.00000       -0.80000
      480.00000       -0.25342       -0.38740        0.00000       -0.80000
      500.00000       -0.26653       -0.38687        0.00000       -0.80000
      520.00000       -0.27962       -0.38635        0.00000       -0.80000
      540.00000       -0.29255       -0.38582        0.00000       -0.80000
      560.00000       -0.30513       -0.38530        0.00000       -0.80000
      580.00000       -0.31705       -0.38477        0.00000       -0.80000
      600.00000       -0.32795       -0.38425        0.00000       -0.80000
      620.00000       -0.33750       -0.38372        0.00000       -0.80000
      640.00000       -0.34552       -0.38320        0.00000       -0.80000
      660.00000       -0.35201       -0.38267        0.00000       -0.80000
      680.00000       -0.35714       -0.38215        0.00000       -0.80000
      700.00000       -0.36111       -0.38162        0.00000       -0.80000
      720.00000       -0.36415       -0.38110        0.00000       -0.80000
      740.00000       -0.36647       -0.38057        0.00000       -0.80000
      760.00000       -0.36821       -0.38005        0.00000       -0.80000
      780.00000       -0.36951       -0.37952        0.00000       -0.80000
      800.00000       -0.37047       -0.37900        0.00000       -0.80000
      820.00000       -0.37115       -0.37847        0.00000       -0.80000
      840.00000       -0.37162       -0.37795        0.00000       -0.80000
      860.00000       -0.37192       -0.37742        0.00000       -0.80000
      880.00000       -0.37208       -0.37690        0.00000       -0.80000
      900.00000       -0.37214       -0.37637        0.00000       -0.80000
      920.00000       -0.37210       -0.37585        0.00000       -0.80000
      940.00000       -0.37199       -0.37532        0.00000       -0.80000
      960.00000       -0.37182       -0.37480        0.00000       -0.80000
      980.00000       -0.37160       -0.37427        0.00000       -0.80000
     1000.00000       -0.37134       -0.37375        0.00000       -0.80000
     1020.00000       -0.37105       -0.37322        0.00000       -0.80000
     1040.00000       -0.37073       -0.37270        0.00000       -0.80000
     1060.00000       -0.37038       -0.37217        0.00000       -0.80000
     1080.00000       -0.37001       -0.37165        0.00000       -0.80000
     1100.00000       -0.36962       -0.37112        0.00000       -0.80000
     1120.00000       -0.36921       -0.37060        0.00000       -0.80000
     1140.00000       -0.36880       -0.37007        0.00000       -0.80000
     1160.00000       -0.36837       -0.36955        0.00000       -0.80000
     1180.00000       -0.36793       -0.36902        0.00000       -0.80000
     1200.00000       -0.36748       -0.36850        0.00000       -0.80000
     1220.00000       -0.36703       -0.36797        0.00000       -0.80000
     1240.00000       -0.36657       -0.36745        0.00000       -0.80000
     1260.00000       -0.36610       -0.36692        0.00000       -0.80000
     1280.00000       -0.36562       -0.36640        0.00000       -0.80000
     1300.00000       -0.36515       -0.36587        0.00000       -0.80000
     1320.00000       -0.36467       -0.36534        0.00000       -0.80000
     1340.00000       -0.36418       -0.36482        0.00000       -0.80000
     1360.00000       -0.36369       -0.36429        0.00000       -0.80000
     1380.00000       -0.36320       -0.36377        0.00000       -0.80000
     1400.00000       -0.36270       -0.36324        0.00000       -0.80000
     1420.00000       -0.36221       -0.36272        0.00000       -0.80000
     1440.00000       -0.36171       -0.36219        0.00000       -0.80000
     1460.00000       -0.36121       -0.36167        0.00000       -0.80000
     1480.00000       -0.36070       -0.36114        0.00000       -0.80000
     1500.00000       -0.36020       -0.36062        0.00000       -0.80000
     1520.00000       -0.35969       -0.36009        0.00000       -0.80000
     1540.00000       -0.35919       -0.35957        0.00000       -0.80000
     1560.00000       -0.35868       -0.35904        0.00000       -0.80000
     1580.00000       -0.35817       -0.35852        0.00000       -0.80000
     1600.00000       -0.35766       -0.35799        0.00000       -0.80000
     1620.00000       -0.35715       -0.35747        0.00000       -0.80000
     1640.00000       -0.35664       -0.35694        0.00000       -0.80000
     1660.00000       -0.35612       -0.35642        0.00000       -0.80000
     1680.00000       -0.35561       -0.35589        0.00000       -0.80000
     1700.00000       -0.35510       -0.35537        0.00000       -0.80000
     1720.00000       -0.35458       -0.35484        0.00000       -0.80000
     1740.00000       -0.35406       -0.35432        0.00000       -0.80000
     1760.00000       -0.35355       -0.35379        0.00000       -0.80000
     1780.00000       -0.35303       -0.35327        0.00000       -0.80000
     1800.00000       -0.35251       -0.35274        0.00000       -0.80000
     1820.00000       -0.35200       -0.35222        0.00000       -0.80000
     1840.00000       -0.35148       -0.35169        0.00000       -0.80000
     1860.00000       -0.35096       -0.35117        0.00000       -0.80000
     1880.00000       -0.35044       -0.35064        0.00000       -0.80000
     1900.00000       -0.34992       -0.35012        0.00000       -0.80000
     1920.00000       -0.34940       -0.34959        0.00000       -0.80000
     1940.00000       -0.34888       -0.34907        0.00000       -0.80000
     1960.00000       -0.34837       -0.34854        0.00000       -0.80000
     1980.00000       -0.34785       -0.34802        0.00000       -0.80000
     2000.00000       -0.34732       -0.34749        0.00000       -0.80000
     2020.00000       -0.34680       -0.34697        0.00000       -0.80000
     2040.00000       -0.34628       -0.34644        0.00000       -0.80000
     2060.00000       -0.34576       -0.34592        0.00000       -0.80000
     2080.00000       -0.34524       -0.34539        0.00000       -0.80000
     2100.00000       -0.34472       -0.34487        0.00000       -0.80000
     2120.00000       -0.34420       -0.34434        0.00000       -0.80000
     2140.00000       -0.34368       -0.34382        0.00000       -0.80000
     2160.00000       -0.34316       -0.34329        0.00000       -0.80000
     2180.00000       -0.34263       -0.34277        0.00000       -0.80000
     2200.00000       -0.34211       -0.34224        0.00000       -0.80000
     2220.00000       -0.34159       -0.34172        0.00000       -0.80000
     2240.00000       -0.34107       -0.34119        0.00000       -0.80000
     2260.00000       -0.34055       -0.34067        0.00000       -0.80000
     2280.00000       -0.34002       -0.34014        0.00000       -0.80000
