 # T      S(microVolts/K) 
      300.00000     -638.73554     -639.09964
      320.00000     -647.07801     -647.42445
      340.00000     -654.91454     -655.24587
      360.00000     -662.30296     -662.62124
      380.00000     -669.29156     -669.59848
      400.00000     -675.92068     -676.21766
      420.00000     -682.22339     -682.51159
      440.00000     -688.22454     -688.50495
      460.00000     -693.93735     -694.21083
      480.00000     -699.35568     -699.62300
      500.00000     -704.43951     -704.70139
      520.00000     -709.09133     -709.34852
      540.00000     -713.12404     -713.37735
      560.00000     -716.23096     -716.48140
      580.00000     -717.98770     -718.23657
      600.00000     -717.92877     -718.17770
      620.00000     -715.70482     -715.95574
      640.00000     -711.23403     -711.48913
      660.00000     -704.72938     -704.99097
      680.00000     -696.59350     -696.86392
      700.00000     -687.27936     -687.56096
      720.00000     -677.19628     -677.49142
      740.00000     -666.67282     -666.98389
      760.00000     -655.95512     -656.28454
      780.00000     -645.21982     -645.57005
      800.00000     -634.58978     -634.96331
      820.00000     -624.14811     -624.54752
      840.00000     -613.94928     -614.37714
      860.00000     -604.02728     -604.48624
      880.00000     -594.40171     -594.89445
      900.00000     -585.08205     -585.61126
      920.00000     -576.07073     -576.63914
      940.00000     -567.36535     -567.97569
      960.00000     -558.96020     -559.61523
      980.00000     -550.84742     -551.54986
     1000.00000     -543.01775     -543.77035
     1020.00000     -535.46111     -536.26658
     1040.00000     -528.16700     -529.02805
     1060.00000     -521.12479     -522.04409
     1080.00000     -514.32389     -515.30409
     1100.00000     -507.75394     -508.79763
     1120.00000     -501.40481     -502.51457
     1140.00000     -495.26677     -496.44511
     1160.00000     -489.33042     -490.57982
     1180.00000     -483.58681     -484.90967
     1200.00000     -478.02735     -479.42604
     1220.00000     -472.64390     -474.12072
     1240.00000     -467.42867     -468.98587
     1260.00000     -462.37430     -464.01406
     1280.00000     -457.47378     -459.19822
     1300.00000     -452.72048     -454.53165
     1320.00000     -448.10809     -450.00798
     1340.00000     -443.63063     -445.62116
     1360.00000     -439.28244     -441.36547
     1380.00000     -435.05816     -437.23547
     1400.00000     -430.95267     -433.22599
     1420.00000     -426.96116     -429.33214
     1440.00000     -423.07902     -425.54926
     1460.00000     -419.30192     -421.87292
     1480.00000     -415.62571     -418.29894
     1500.00000     -412.04646     -414.82332
     1520.00000     -408.56046     -411.44226
     1540.00000     -405.16413     -408.15214
     1560.00000     -401.85412     -404.94954
     1580.00000     -398.62720     -401.83118
     1600.00000     -395.48032     -398.79394
     1620.00000     -392.41058     -395.83486
     1640.00000     -389.41518     -392.95108
     1660.00000     -386.49148     -390.13992
     1680.00000     -383.63697     -387.39880
     1700.00000     -380.84923     -384.72525
     1720.00000     -378.12596     -382.11692
     1740.00000     -375.46497     -379.57156
     1760.00000     -372.86415     -377.08703
     1780.00000     -370.32150     -374.66126
     1800.00000     -367.83510     -372.29230
     1820.00000     -365.40311     -369.97826
     1840.00000     -363.02378     -367.71734
     1860.00000     -360.69542     -365.50781
     1880.00000     -358.41641     -363.34801
     1900.00000     -356.18521     -361.23636
     1920.00000     -354.00034     -359.17135
     1940.00000     -351.86037     -357.15150
     1960.00000     -349.76395     -355.17541
     1980.00000     -347.70974     -353.24175
     2000.00000     -345.69651     -351.34921
     2020.00000     -343.72303     -349.49655
     2040.00000     -341.78815     -347.68259
     2060.00000     -339.89075     -345.90617
     2080.00000     -338.02975     -344.16618
     2100.00000     -336.20411     -342.46157
     2120.00000     -334.41284     -340.79131
     2140.00000     -332.65498     -339.15441
     2160.00000     -330.92961     -337.54993
     2180.00000     -329.23583     -335.97695
     2200.00000     -327.57279     -334.43459
     2220.00000     -325.93966     -332.92200
     2240.00000     -324.33564     -331.43836
     2260.00000     -322.75996     -329.98289
     2280.00000     -321.21188     -328.55481
