 # T      sigma(1/{ohm.cm))
      300.00000        0.00948
      320.00000        0.00860
      340.00000        0.00786
      360.00000        0.00721
      380.00000        0.00665
      400.00000        0.00616
      420.00000        0.00573
      440.00000        0.00534
      460.00000        0.00500
      480.00000        0.00469
      500.00000        0.00443
      520.00000        0.00419
      540.00000        0.00400
      560.00000        0.00386
      580.00000        0.00378
      600.00000        0.00378
      620.00000        0.00388
      640.00000        0.00409
      660.00000        0.00441
      680.00000        0.00485
      700.00000        0.00540
      720.00000        0.00607
      740.00000        0.00686
      760.00000        0.00776
      780.00000        0.00879
      800.00000        0.00994
      820.00000        0.01122
      840.00000        0.01262
      860.00000        0.01416
      880.00000        0.01583
      900.00000        0.01763
      920.00000        0.01956
      940.00000        0.02163
      960.00000        0.02383
      980.00000        0.02617
     1000.00000        0.02864
     1020.00000        0.03125
     1040.00000        0.03399
     1060.00000        0.03686
     1080.00000        0.03985
     1100.00000        0.04298
     1120.00000        0.04623
     1140.00000        0.04960
     1160.00000        0.05310
     1180.00000        0.05671
     1200.00000        0.06044
     1220.00000        0.06427
     1240.00000        0.06822
     1260.00000        0.07227
     1280.00000        0.07642
     1300.00000        0.08068
     1320.00000        0.08503
     1340.00000        0.08947
     1360.00000        0.09400
     1380.00000        0.09861
     1400.00000        0.10331
     1420.00000        0.10808
     1440.00000        0.11293
     1460.00000        0.11786
     1480.00000        0.12285
     1500.00000        0.12790
     1520.00000        0.13302
     1540.00000        0.13820
     1560.00000        0.14343
     1580.00000        0.14872
     1600.00000        0.15405
     1620.00000        0.15944
     1640.00000        0.16486
     1660.00000        0.17033
     1680.00000        0.17584
     1700.00000        0.18138
     1720.00000        0.18695
     1740.00000        0.19256
     1760.00000        0.19819
     1780.00000        0.20385
     1800.00000        0.20954
     1820.00000        0.21524
     1840.00000        0.22096
     1860.00000        0.22670
     1880.00000        0.23246
     1900.00000        0.23823
     1920.00000        0.24401
     1940.00000        0.24980
     1960.00000        0.25559
     1980.00000        0.26140
     2000.00000        0.26720
     2020.00000        0.27301
     2040.00000        0.27882
     2060.00000        0.28463
     2080.00000        0.29044
     2100.00000        0.29625
     2120.00000        0.30205
     2140.00000        0.30784
     2160.00000        0.31363
     2180.00000        0.31941
     2200.00000        0.32518
     2220.00000        0.33095
     2240.00000        0.33670
     2260.00000        0.34244
     2280.00000        0.34816
