\BOOKMARK [1][-]{section.1}{Introduction}{}% 1
\BOOKMARK [2][-]{subsection.1.1}{Motivation}{section.1}% 2
\BOOKMARK [2][-]{subsection.1.2}{Approach}{section.1}% 3
\BOOKMARK [2][-]{subsection.1.3}{Investigation}{section.1}% 4
\BOOKMARK [1][-]{section.2}{Background\040Theory}{}% 5
\BOOKMARK [2][-]{subsection.2.1}{Boltzmann\040Equation}{section.2}% 6
\BOOKMARK [2][-]{subsection.2.2}{Phonons}{section.2}% 7
\BOOKMARK [2][-]{subsection.2.3}{Debye\040Isotropic\040Continuum\040Model}{section.2}% 8
\BOOKMARK [2][-]{subsection.2.4}{Phonon\040Thermal\040Conductivity}{section.2}% 9
\BOOKMARK [2][-]{subsection.2.5}{Fermi\040Level}{section.2}% 10
\BOOKMARK [2][-]{subsection.2.6}{Electrical\040Transport}{section.2}% 11
\BOOKMARK [1][-]{section.3}{Specific\040Theory}{}% 12
\BOOKMARK [2][-]{subsection.3.1}{Thermoelectricity}{section.3}% 13
\BOOKMARK [2][-]{subsection.3.2}{Thermoelectric\040Efficiency}{section.3}% 14
\BOOKMARK [2][-]{subsection.3.3}{Nanocomposites}{section.3}% 15
\BOOKMARK [2][-]{subsection.3.4}{Effective\040Medium\040Approximation}{section.3}% 16
\BOOKMARK [1][-]{section.4}{Results\040and\040Analysis}{}% 17
\BOOKMARK [1][-]{section.5}{Conclusion\040and\040Future\040Work}{}% 18
\BOOKMARK [2][-]{subsection.5.1}{Future\040Work}{section.5}% 19
\BOOKMARK [2][-]{subsection.5.2}{Online\040repository}{section.5}% 20
\BOOKMARK [1][-]{appendix.A}{Tools\040and\040Software}{}% 21
\BOOKMARK [1][-]{appendix.B}{Physical\040Data}{}% 22
